2025-11-24T18:27:47.110+02:00  INFO 72564 --- [invoice-service] [restartedMain] o.e.i.InvoiceServiceApplication          : Starting InvoiceServiceApplication using Java 17.0.10 with PID 72564 (C:\Users\Max\Downloads\trading-app\invoice-service\target\classes started by Max in C:\Users\Max\Downloads\trading-app)
2025-11-24T18:27:47.119+02:00  INFO 72564 --- [invoice-service] [restartedMain] o.e.i.InvoiceServiceApplication          : No active profile set, falling back to 1 default profile: "default"
2025-11-24T18:27:47.167+02:00  INFO 72564 --- [invoice-service] [restartedMain] .e.DevToolsPropertyDefaultsPostProcessor : Devtools property defaults active! Set 'spring.devtools.add-properties' to 'false' to disable
2025-11-24T18:27:47.168+02:00  INFO 72564 --- [invoice-service] [restartedMain] .e.DevToolsPropertyDefaultsPostProcessor : For additional web related logging consider setting the 'logging.level.web' property to 'DEBUG'
2025-11-24T18:27:47.839+02:00  INFO 72564 --- [invoice-service] [restartedMain] .s.d.r.c.RepositoryConfigurationDelegate : Bootstrapping Spring Data JPA repositories in DEFAULT mode.
2025-11-24T18:27:47.896+02:00  INFO 72564 --- [invoice-service] [restartedMain] .s.d.r.c.RepositoryConfigurationDelegate : Finished Spring Data repository scanning in 48 ms. Found 1 JPA repository interface.
2025-11-24T18:27:48.469+02:00  INFO 72564 --- [invoice-service] [restartedMain] o.s.b.w.embedded.tomcat.TomcatWebServer  : Tomcat initialized with port 8081 (http)
2025-11-24T18:27:48.483+02:00  INFO 72564 --- [invoice-service] [restartedMain] o.apache.catalina.core.StandardService   : Starting service [Tomcat]
2025-11-24T18:27:48.483+02:00  INFO 72564 --- [invoice-service] [restartedMain] o.apache.catalina.core.StandardEngine    : Starting Servlet engine: [Apache Tomcat/10.1.33]
2025-11-24T18:27:48.542+02:00  INFO 72564 --- [invoice-service] [restartedMain] o.a.c.c.C.[Tomcat].[localhost].[/]       : Initializing Spring embedded WebApplicationContext
2025-11-24T18:27:48.542+02:00  INFO 72564 --- [invoice-service] [restartedMain] w.s.c.ServletWebServerApplicationContext : Root WebApplicationContext: initialization completed in 1373 ms
2025-11-24T18:27:48.702+02:00  INFO 72564 --- [invoice-service] [restartedMain] o.hibernate.jpa.internal.util.LogHelper  : HHH000204: Processing PersistenceUnitInfo [name: default]
2025-11-24T18:27:48.767+02:00  INFO 72564 --- [invoice-service] [restartedMain] org.hibernate.Version                    : HHH000412: Hibernate ORM core version 6.6.2.Final
2025-11-24T18:27:48.805+02:00  INFO 72564 --- [invoice-service] [restartedMain] o.h.c.internal.RegionFactoryInitiator    : HHH000026: Second-level cache disabled
2025-11-24T18:27:49.056+02:00  INFO 72564 --- [invoice-service] [restartedMain] o.s.o.j.p.SpringPersistenceUnitInfo      : No LoadTimeWeaver setup: ignoring JPA class transformer
2025-11-24T18:27:49.085+02:00  INFO 72564 --- [invoice-service] [restartedMain] com.zaxxer.hikari.HikariDataSource       : HikariPool-1 - Starting...
2025-11-24T18:27:49.375+02:00  INFO 72564 --- [invoice-service] [restartedMain] com.zaxxer.hikari.pool.HikariPool        : HikariPool-1 - Added connection com.mysql.cj.jdbc.ConnectionImpl@c78eed1
2025-11-24T18:27:49.377+02:00  INFO 72564 --- [invoice-service] [restartedMain] com.zaxxer.hikari.HikariDataSource       : HikariPool-1 - Start completed.
2025-11-24T18:27:49.424+02:00  WARN 72564 --- [invoice-service] [restartedMain] org.hibernate.orm.deprecation            : HHH90000025: MySQL8Dialect does not need to be specified explicitly using 'hibernate.dialect' (remove the property setting and it will be selected by default)
2025-11-24T18:27:49.425+02:00  WARN 72564 --- [invoice-service] [restartedMain] org.hibernate.orm.deprecation            : HHH90000026: MySQL8Dialect has been deprecated; use org.hibernate.dialect.MySQLDialect instead
2025-11-24T18:27:49.441+02:00  INFO 72564 --- [invoice-service] [restartedMain] org.hibernate.orm.connections.pooling    : HHH10001005: Database info:
	Database JDBC URL [Connecting through datasource 'HikariDataSource (HikariPool-1)']
	Database driver: undefined/unknown
	Database version: 8.0
	Autocommit mode: undefined/unknown
	Isolation level: undefined/unknown
	Minimum pool size: undefined/unknown
	Maximum pool size: undefined/unknown
2025-11-24T18:27:50.206+02:00  INFO 72564 --- [invoice-service] [restartedMain] o.h.e.t.j.p.i.JtaPlatformInitiator       : HHH000489: No JTA platform available (set 'hibernate.transaction.jta.platform' to enable JTA platform integration)
2025-11-24T18:27:50.255+02:00  INFO 72564 --- [invoice-service] [restartedMain] j.LocalContainerEntityManagerFactoryBean : Initialized JPA EntityManagerFactory for persistence unit 'default'
2025-11-24T18:27:50.618+02:00  WARN 72564 --- [invoice-service] [restartedMain] JpaBaseConfiguration$JpaWebConfiguration : spring.jpa.open-in-view is enabled by default. Therefore, database queries may be performed during view rendering. Explicitly configure spring.jpa.open-in-view to disable this warning
2025-11-24T18:27:50.992+02:00  WARN 72564 --- [invoice-service] [restartedMain] o.s.b.d.a.OptionalLiveReloadServer       : Unable to start LiveReload server
2025-11-24T18:27:51.035+02:00  INFO 72564 --- [invoice-service] [restartedMain] o.s.b.w.embedded.tomcat.TomcatWebServer  : Tomcat started on port 8081 (http) with context path '/'
2025-11-24T18:27:51.050+02:00  INFO 72564 --- [invoice-service] [restartedMain] o.e.i.InvoiceServiceApplication          : Started InvoiceServiceApplication in 4.389 seconds (process running for 4.993)
2025-11-24T18:31:06.473+02:00  INFO 72564 --- [invoice-service] [SpringApplicationShutdownHook] o.s.b.w.e.tomcat.GracefulShutdown        : Commencing graceful shutdown. Waiting for active requests to complete
2025-11-24T18:31:06.691+02:00  INFO 72564 --- [invoice-service] [tomcat-shutdown] o.s.b.w.e.tomcat.GracefulShutdown        : Graceful shutdown complete
2025-11-24T18:31:06.695+02:00  INFO 72564 --- [invoice-service] [SpringApplicationShutdownHook] j.LocalContainerEntityManagerFactoryBean : Closing JPA EntityManagerFactory for persistence unit 'default'
2025-11-24T18:31:06.697+02:00  INFO 72564 --- [invoice-service] [SpringApplicationShutdownHook] com.zaxxer.hikari.HikariDataSource       : HikariPool-1 - Shutdown initiated...
2025-11-24T18:31:06.707+02:00  INFO 72564 --- [invoice-service] [SpringApplicationShutdownHook] com.zaxxer.hikari.HikariDataSource       : HikariPool-1 - Shutdown completed.
2025-11-24T18:31:09.630+02:00  INFO 63644 --- [invoice-service] [restartedMain] o.e.i.InvoiceServiceApplication          : Starting InvoiceServiceApplication using Java 17.0.10 with PID 63644 (C:\Users\Max\Downloads\trading-app\invoice-service\target\classes started by Max in C:\Users\Max\Downloads\trading-app)
2025-11-24T18:31:09.633+02:00  INFO 63644 --- [invoice-service] [restartedMain] o.e.i.InvoiceServiceApplication          : No active profile set, falling back to 1 default profile: "default"
2025-11-24T18:31:09.686+02:00  INFO 63644 --- [invoice-service] [restartedMain] .e.DevToolsPropertyDefaultsPostProcessor : Devtools property defaults active! Set 'spring.devtools.add-properties' to 'false' to disable
2025-11-24T18:31:09.686+02:00  INFO 63644 --- [invoice-service] [restartedMain] .e.DevToolsPropertyDefaultsPostProcessor : For additional web related logging consider setting the 'logging.level.web' property to 'DEBUG'
2025-11-24T18:31:10.337+02:00  INFO 63644 --- [invoice-service] [restartedMain] .s.d.r.c.RepositoryConfigurationDelegate : Bootstrapping Spring Data JPA repositories in DEFAULT mode.
2025-11-24T18:31:10.390+02:00  INFO 63644 --- [invoice-service] [restartedMain] .s.d.r.c.RepositoryConfigurationDelegate : Finished Spring Data repository scanning in 45 ms. Found 1 JPA repository interface.
2025-11-24T18:31:10.935+02:00  INFO 63644 --- [invoice-service] [restartedMain] o.s.b.w.embedded.tomcat.TomcatWebServer  : Tomcat initialized with port 8081 (http)
2025-11-24T18:31:10.948+02:00  INFO 63644 --- [invoice-service] [restartedMain] o.apache.catalina.core.StandardService   : Starting service [Tomcat]
2025-11-24T18:31:10.948+02:00  INFO 63644 --- [invoice-service] [restartedMain] o.apache.catalina.core.StandardEngine    : Starting Servlet engine: [Apache Tomcat/10.1.33]
2025-11-24T18:31:11.002+02:00  INFO 63644 --- [invoice-service] [restartedMain] o.a.c.c.C.[Tomcat].[localhost].[/]       : Initializing Spring embedded WebApplicationContext
2025-11-24T18:31:11.002+02:00  INFO 63644 --- [invoice-service] [restartedMain] w.s.c.ServletWebServerApplicationContext : Root WebApplicationContext: initialization completed in 1315 ms
2025-11-24T18:31:11.155+02:00  INFO 63644 --- [invoice-service] [restartedMain] o.hibernate.jpa.internal.util.LogHelper  : HHH000204: Processing PersistenceUnitInfo [name: default]
2025-11-24T18:31:11.216+02:00  INFO 63644 --- [invoice-service] [restartedMain] org.hibernate.Version                    : HHH000412: Hibernate ORM core version 6.6.2.Final
2025-11-24T18:31:11.248+02:00  INFO 63644 --- [invoice-service] [restartedMain] o.h.c.internal.RegionFactoryInitiator    : HHH000026: Second-level cache disabled
2025-11-24T18:31:11.502+02:00  INFO 63644 --- [invoice-service] [restartedMain] o.s.o.j.p.SpringPersistenceUnitInfo      : No LoadTimeWeaver setup: ignoring JPA class transformer
2025-11-24T18:31:11.530+02:00  INFO 63644 --- [invoice-service] [restartedMain] com.zaxxer.hikari.HikariDataSource       : HikariPool-1 - Starting...
2025-11-24T18:31:11.821+02:00  INFO 63644 --- [invoice-service] [restartedMain] com.zaxxer.hikari.pool.HikariPool        : HikariPool-1 - Added connection com.mysql.cj.jdbc.ConnectionImpl@4aaa9625
2025-11-24T18:31:11.823+02:00  INFO 63644 --- [invoice-service] [restartedMain] com.zaxxer.hikari.HikariDataSource       : HikariPool-1 - Start completed.
2025-11-24T18:31:11.867+02:00  WARN 63644 --- [invoice-service] [restartedMain] org.hibernate.orm.deprecation            : HHH90000025: MySQL8Dialect does not need to be specified explicitly using 'hibernate.dialect' (remove the property setting and it will be selected by default)
2025-11-24T18:31:11.868+02:00  WARN 63644 --- [invoice-service] [restartedMain] org.hibernate.orm.deprecation            : HHH90000026: MySQL8Dialect has been deprecated; use org.hibernate.dialect.MySQLDialect instead
2025-11-24T18:31:11.885+02:00  INFO 63644 --- [invoice-service] [restartedMain] org.hibernate.orm.connections.pooling    : HHH10001005: Database info:
	Database JDBC URL [Connecting through datasource 'HikariDataSource (HikariPool-1)']
	Database driver: undefined/unknown
	Database version: 8.0
	Autocommit mode: undefined/unknown
	Isolation level: undefined/unknown
	Minimum pool size: undefined/unknown
	Maximum pool size: undefined/unknown
2025-11-24T18:31:12.650+02:00  INFO 63644 --- [invoice-service] [restartedMain] o.h.e.t.j.p.i.JtaPlatformInitiator       : HHH000489: No JTA platform available (set 'hibernate.transaction.jta.platform' to enable JTA platform integration)
2025-11-24T18:31:12.700+02:00  INFO 63644 --- [invoice-service] [restartedMain] j.LocalContainerEntityManagerFactoryBean : Initialized JPA EntityManagerFactory for persistence unit 'default'
2025-11-24T18:31:13.069+02:00  WARN 63644 --- [invoice-service] [restartedMain] JpaBaseConfiguration$JpaWebConfiguration : spring.jpa.open-in-view is enabled by default. Therefore, database queries may be performed during view rendering. Explicitly configure spring.jpa.open-in-view to disable this warning
2025-11-24T18:31:13.441+02:00  WARN 63644 --- [invoice-service] [restartedMain] o.s.b.d.a.OptionalLiveReloadServer       : Unable to start LiveReload server
2025-11-24T18:31:13.482+02:00  INFO 63644 --- [invoice-service] [restartedMain] o.s.b.w.embedded.tomcat.TomcatWebServer  : Tomcat started on port 8081 (http) with context path '/'
2025-11-24T18:31:13.497+02:00  INFO 63644 --- [invoice-service] [restartedMain] o.e.i.InvoiceServiceApplication          : Started InvoiceServiceApplication in 4.327 seconds (process running for 5.036)
2025-11-24T18:31:46.749+02:00  INFO 63644 --- [invoice-service] [SpringApplicationShutdownHook] o.s.b.w.e.tomcat.GracefulShutdown        : Commencing graceful shutdown. Waiting for active requests to complete
2025-11-24T18:31:46.975+02:00  INFO 63644 --- [invoice-service] [tomcat-shutdown] o.s.b.w.e.tomcat.GracefulShutdown        : Graceful shutdown complete
2025-11-24T18:31:46.980+02:00  INFO 63644 --- [invoice-service] [SpringApplicationShutdownHook] j.LocalContainerEntityManagerFactoryBean : Closing JPA EntityManagerFactory for persistence unit 'default'
2025-11-24T18:31:46.983+02:00  INFO 63644 --- [invoice-service] [SpringApplicationShutdownHook] com.zaxxer.hikari.HikariDataSource       : HikariPool-1 - Shutdown initiated...
2025-11-24T18:31:46.992+02:00  INFO 63644 --- [invoice-service] [SpringApplicationShutdownHook] com.zaxxer.hikari.HikariDataSource       : HikariPool-1 - Shutdown completed.
2025-11-24T18:31:50.000+02:00  INFO 37984 --- [invoice-service] [restartedMain] o.e.i.InvoiceServiceApplication          : Starting InvoiceServiceApplication using Java 17.0.10 with PID 37984 (C:\Users\Max\Downloads\trading-app\invoice-service\target\classes started by Max in C:\Users\Max\Downloads\trading-app)
2025-11-24T18:31:50.002+02:00  INFO 37984 --- [invoice-service] [restartedMain] o.e.i.InvoiceServiceApplication          : No active profile set, falling back to 1 default profile: "default"
2025-11-24T18:31:50.054+02:00  INFO 37984 --- [invoice-service] [restartedMain] .e.DevToolsPropertyDefaultsPostProcessor : Devtools property defaults active! Set 'spring.devtools.add-properties' to 'false' to disable
2025-11-24T18:31:50.054+02:00  INFO 37984 --- [invoice-service] [restartedMain] .e.DevToolsPropertyDefaultsPostProcessor : For additional web related logging consider setting the 'logging.level.web' property to 'DEBUG'
2025-11-24T18:31:50.750+02:00  INFO 37984 --- [invoice-service] [restartedMain] .s.d.r.c.RepositoryConfigurationDelegate : Bootstrapping Spring Data JPA repositories in DEFAULT mode.
2025-11-24T18:31:50.807+02:00  INFO 37984 --- [invoice-service] [restartedMain] .s.d.r.c.RepositoryConfigurationDelegate : Finished Spring Data repository scanning in 47 ms. Found 1 JPA repository interface.
2025-11-24T18:31:51.366+02:00  INFO 37984 --- [invoice-service] [restartedMain] o.s.b.w.embedded.tomcat.TomcatWebServer  : Tomcat initialized with port 8081 (http)
2025-11-24T18:31:51.379+02:00  INFO 37984 --- [invoice-service] [restartedMain] o.apache.catalina.core.StandardService   : Starting service [Tomcat]
2025-11-24T18:31:51.379+02:00  INFO 37984 --- [invoice-service] [restartedMain] o.apache.catalina.core.StandardEngine    : Starting Servlet engine: [Apache Tomcat/10.1.33]
2025-11-24T18:31:51.431+02:00  INFO 37984 --- [invoice-service] [restartedMain] o.a.c.c.C.[Tomcat].[localhost].[/]       : Initializing Spring embedded WebApplicationContext
2025-11-24T18:31:51.431+02:00  INFO 37984 --- [invoice-service] [restartedMain] w.s.c.ServletWebServerApplicationContext : Root WebApplicationContext: initialization completed in 1376 ms
2025-11-24T18:31:51.583+02:00  INFO 37984 --- [invoice-service] [restartedMain] o.hibernate.jpa.internal.util.LogHelper  : HHH000204: Processing PersistenceUnitInfo [name: default]
2025-11-24T18:31:51.639+02:00  INFO 37984 --- [invoice-service] [restartedMain] org.hibernate.Version                    : HHH000412: Hibernate ORM core version 6.6.2.Final
2025-11-24T18:31:51.676+02:00  INFO 37984 --- [invoice-service] [restartedMain] o.h.c.internal.RegionFactoryInitiator    : HHH000026: Second-level cache disabled
2025-11-24T18:31:51.933+02:00  INFO 37984 --- [invoice-service] [restartedMain] o.s.o.j.p.SpringPersistenceUnitInfo      : No LoadTimeWeaver setup: ignoring JPA class transformer
2025-11-24T18:31:51.962+02:00  INFO 37984 --- [invoice-service] [restartedMain] com.zaxxer.hikari.HikariDataSource       : HikariPool-1 - Starting...
2025-11-24T18:31:52.252+02:00  INFO 37984 --- [invoice-service] [restartedMain] com.zaxxer.hikari.pool.HikariPool        : HikariPool-1 - Added connection com.mysql.cj.jdbc.ConnectionImpl@2ffe03b1
2025-11-24T18:31:52.254+02:00  INFO 37984 --- [invoice-service] [restartedMain] com.zaxxer.hikari.HikariDataSource       : HikariPool-1 - Start completed.
2025-11-24T18:31:52.300+02:00  WARN 37984 --- [invoice-service] [restartedMain] org.hibernate.orm.deprecation            : HHH90000025: MySQL8Dialect does not need to be specified explicitly using 'hibernate.dialect' (remove the property setting and it will be selected by default)
2025-11-24T18:31:52.301+02:00  WARN 37984 --- [invoice-service] [restartedMain] org.hibernate.orm.deprecation            : HHH90000026: MySQL8Dialect has been deprecated; use org.hibernate.dialect.MySQLDialect instead
2025-11-24T18:31:52.325+02:00  INFO 37984 --- [invoice-service] [restartedMain] org.hibernate.orm.connections.pooling    : HHH10001005: Database info:
	Database JDBC URL [Connecting through datasource 'HikariDataSource (HikariPool-1)']
	Database driver: undefined/unknown
	Database version: 8.0
	Autocommit mode: undefined/unknown
	Isolation level: undefined/unknown
	Minimum pool size: undefined/unknown
	Maximum pool size: undefined/unknown
2025-11-24T18:31:53.201+02:00  INFO 37984 --- [invoice-service] [restartedMain] o.h.e.t.j.p.i.JtaPlatformInitiator       : HHH000489: No JTA platform available (set 'hibernate.transaction.jta.platform' to enable JTA platform integration)
2025-11-24T18:31:53.255+02:00  INFO 37984 --- [invoice-service] [restartedMain] j.LocalContainerEntityManagerFactoryBean : Initialized JPA EntityManagerFactory for persistence unit 'default'
2025-11-24T18:31:53.634+02:00  WARN 37984 --- [invoice-service] [restartedMain] JpaBaseConfiguration$JpaWebConfiguration : spring.jpa.open-in-view is enabled by default. Therefore, database queries may be performed during view rendering. Explicitly configure spring.jpa.open-in-view to disable this warning
2025-11-24T18:31:54.007+02:00  INFO 37984 --- [invoice-service] [restartedMain] o.s.b.d.a.OptionalLiveReloadServer       : LiveReload server is running on port 35729
2025-11-24T18:31:54.047+02:00  INFO 37984 --- [invoice-service] [restartedMain] o.s.b.w.embedded.tomcat.TomcatWebServer  : Tomcat started on port 8081 (http) with context path '/'
2025-11-24T18:31:54.062+02:00  INFO 37984 --- [invoice-service] [restartedMain] o.e.i.InvoiceServiceApplication          : Started InvoiceServiceApplication in 4.489 seconds (process running for 5.162)
2025-11-24T18:31:54.064+02:00  INFO 37984 --- [invoice-service] [SpringApplicationShutdownHook] o.s.b.w.e.tomcat.GracefulShutdown        : Commencing graceful shutdown. Waiting for active requests to complete
2025-11-24T18:31:54.260+02:00  INFO 37984 --- [invoice-service] [tomcat-shutdown] o.s.b.w.e.tomcat.GracefulShutdown        : Graceful shutdown complete
2025-11-24T18:31:54.264+02:00  INFO 37984 --- [invoice-service] [SpringApplicationShutdownHook] j.LocalContainerEntityManagerFactoryBean : Closing JPA EntityManagerFactory for persistence unit 'default'
2025-11-24T18:31:54.267+02:00  INFO 37984 --- [invoice-service] [SpringApplicationShutdownHook] com.zaxxer.hikari.HikariDataSource       : HikariPool-1 - Shutdown initiated...
2025-11-24T18:31:54.276+02:00  INFO 37984 --- [invoice-service] [SpringApplicationShutdownHook] com.zaxxer.hikari.HikariDataSource       : HikariPool-1 - Shutdown completed.
2025-11-24T18:32:36.679+02:00  INFO 45980 --- [invoice-service] [restartedMain] o.e.i.InvoiceServiceApplication          : Starting InvoiceServiceApplication using Java 17.0.10 with PID 45980 (C:\Users\Max\Downloads\trading-app\invoice-service\target\classes started by Max in C:\Users\Max\Downloads\trading-app)
2025-11-24T18:32:36.682+02:00  INFO 45980 --- [invoice-service] [restartedMain] o.e.i.InvoiceServiceApplication          : No active profile set, falling back to 1 default profile: "default"
2025-11-24T18:32:36.728+02:00  INFO 45980 --- [invoice-service] [restartedMain] .e.DevToolsPropertyDefaultsPostProcessor : Devtools property defaults active! Set 'spring.devtools.add-properties' to 'false' to disable
2025-11-24T18:32:36.728+02:00  INFO 45980 --- [invoice-service] [restartedMain] .e.DevToolsPropertyDefaultsPostProcessor : For additional web related logging consider setting the 'logging.level.web' property to 'DEBUG'
2025-11-24T18:32:37.381+02:00  INFO 45980 --- [invoice-service] [restartedMain] .s.d.r.c.RepositoryConfigurationDelegate : Bootstrapping Spring Data JPA repositories in DEFAULT mode.
2025-11-24T18:32:37.434+02:00  INFO 45980 --- [invoice-service] [restartedMain] .s.d.r.c.RepositoryConfigurationDelegate : Finished Spring Data repository scanning in 44 ms. Found 1 JPA repository interface.
2025-11-24T18:32:37.983+02:00  INFO 45980 --- [invoice-service] [restartedMain] o.s.b.w.embedded.tomcat.TomcatWebServer  : Tomcat initialized with port 8081 (http)
2025-11-24T18:32:37.996+02:00  INFO 45980 --- [invoice-service] [restartedMain] o.apache.catalina.core.StandardService   : Starting service [Tomcat]
2025-11-24T18:32:37.996+02:00  INFO 45980 --- [invoice-service] [restartedMain] o.apache.catalina.core.StandardEngine    : Starting Servlet engine: [Apache Tomcat/10.1.33]
2025-11-24T18:32:38.049+02:00  INFO 45980 --- [invoice-service] [restartedMain] o.a.c.c.C.[Tomcat].[localhost].[/]       : Initializing Spring embedded WebApplicationContext
2025-11-24T18:32:38.050+02:00  INFO 45980 --- [invoice-service] [restartedMain] w.s.c.ServletWebServerApplicationContext : Root WebApplicationContext: initialization completed in 1321 ms
2025-11-24T18:32:38.205+02:00  INFO 45980 --- [invoice-service] [restartedMain] o.hibernate.jpa.internal.util.LogHelper  : HHH000204: Processing PersistenceUnitInfo [name: default]
2025-11-24T18:32:38.261+02:00  INFO 45980 --- [invoice-service] [restartedMain] org.hibernate.Version                    : HHH000412: Hibernate ORM core version 6.6.2.Final
2025-11-24T18:32:38.293+02:00  INFO 45980 --- [invoice-service] [restartedMain] o.h.c.internal.RegionFactoryInitiator    : HHH000026: Second-level cache disabled
2025-11-24T18:32:38.558+02:00  INFO 45980 --- [invoice-service] [restartedMain] o.s.o.j.p.SpringPersistenceUnitInfo      : No LoadTimeWeaver setup: ignoring JPA class transformer
2025-11-24T18:32:38.586+02:00  INFO 45980 --- [invoice-service] [restartedMain] com.zaxxer.hikari.HikariDataSource       : HikariPool-1 - Starting...
2025-11-24T18:32:38.884+02:00  INFO 45980 --- [invoice-service] [restartedMain] com.zaxxer.hikari.pool.HikariPool        : HikariPool-1 - Added connection com.mysql.cj.jdbc.ConnectionImpl@715c5083
2025-11-24T18:32:38.886+02:00  INFO 45980 --- [invoice-service] [restartedMain] com.zaxxer.hikari.HikariDataSource       : HikariPool-1 - Start completed.
2025-11-24T18:32:38.934+02:00  WARN 45980 --- [invoice-service] [restartedMain] org.hibernate.orm.deprecation            : HHH90000025: MySQL8Dialect does not need to be specified explicitly using 'hibernate.dialect' (remove the property setting and it will be selected by default)
2025-11-24T18:32:38.935+02:00  WARN 45980 --- [invoice-service] [restartedMain] org.hibernate.orm.deprecation            : HHH90000026: MySQL8Dialect has been deprecated; use org.hibernate.dialect.MySQLDialect instead
2025-11-24T18:32:38.954+02:00  INFO 45980 --- [invoice-service] [restartedMain] org.hibernate.orm.connections.pooling    : HHH10001005: Database info:
	Database JDBC URL [Connecting through datasource 'HikariDataSource (HikariPool-1)']
	Database driver: undefined/unknown
	Database version: 8.0
	Autocommit mode: undefined/unknown
	Isolation level: undefined/unknown
	Minimum pool size: undefined/unknown
	Maximum pool size: undefined/unknown
2025-11-24T18:32:40.007+02:00  INFO 45980 --- [invoice-service] [restartedMain] o.h.e.t.j.p.i.JtaPlatformInitiator       : HHH000489: No JTA platform available (set 'hibernate.transaction.jta.platform' to enable JTA platform integration)
2025-11-24T18:32:40.068+02:00  INFO 45980 --- [invoice-service] [restartedMain] j.LocalContainerEntityManagerFactoryBean : Initialized JPA EntityManagerFactory for persistence unit 'default'
2025-11-24T18:32:40.536+02:00  WARN 45980 --- [invoice-service] [restartedMain] JpaBaseConfiguration$JpaWebConfiguration : spring.jpa.open-in-view is enabled by default. Therefore, database queries may be performed during view rendering. Explicitly configure spring.jpa.open-in-view to disable this warning
2025-11-24T18:32:40.976+02:00  INFO 45980 --- [invoice-service] [restartedMain] o.s.b.d.a.OptionalLiveReloadServer       : LiveReload server is running on port 35729
2025-11-24T18:32:41.023+02:00  INFO 45980 --- [invoice-service] [restartedMain] o.s.b.w.embedded.tomcat.TomcatWebServer  : Tomcat started on port 8081 (http) with context path '/'
2025-11-24T18:32:41.039+02:00  INFO 45980 --- [invoice-service] [restartedMain] o.e.i.InvoiceServiceApplication          : Started InvoiceServiceApplication in 4.791 seconds (process running for 5.41)
2025-11-24T18:50:15.013+02:00  INFO 45980 --- [invoice-service] [SpringApplicationShutdownHook] o.s.b.w.e.tomcat.GracefulShutdown        : Commencing graceful shutdown. Waiting for active requests to complete
2025-11-24T18:50:15.331+02:00  INFO 45980 --- [invoice-service] [tomcat-shutdown] o.s.b.w.e.tomcat.GracefulShutdown        : Graceful shutdown complete
2025-11-24T18:50:15.335+02:00  INFO 45980 --- [invoice-service] [SpringApplicationShutdownHook] j.LocalContainerEntityManagerFactoryBean : Closing JPA EntityManagerFactory for persistence unit 'default'
2025-11-24T18:50:15.338+02:00  INFO 45980 --- [invoice-service] [SpringApplicationShutdownHook] com.zaxxer.hikari.HikariDataSource       : HikariPool-1 - Shutdown initiated...
2025-11-24T18:50:15.347+02:00  INFO 45980 --- [invoice-service] [SpringApplicationShutdownHook] com.zaxxer.hikari.HikariDataSource       : HikariPool-1 - Shutdown completed.
